This is pdfTeX, Version 3.14159265-2.6-1.40.21 (MiKTeX 2.9.7380 64-bit) (preloaded format=pdflatex 2020.12.14)  25 JUN 2021 15:42
entering extended mode
**./relazione.tex
(relazione.tex
LaTeX2e <2020-02-02> patch level 5
L3 programming layer <2020-03-06>
("C:\Users\giada\AppData\Local\Programs\MiKTeX 2.9\tex/latex/base\article.cls"
Document Class: article 2019/12/20 v1.4l Standard LaTeX document class
("C:\Users\giada\AppData\Local\Programs\MiKTeX 2.9\tex/latex/base\size10.clo"
File: size10.clo 2019/12/20 v1.4l Standard LaTeX file (size option)
)
\c@part=\count167
\c@section=\count168
\c@subsection=\count169
\c@subsubsection=\count170
\c@paragraph=\count171
\c@subparagraph=\count172
\c@figure=\count173
\c@table=\count174
\abovecaptionskip=\skip47
\belowcaptionskip=\skip48
\bibindent=\dimen134
) (../latex/package.tex
("C:\Users\giada\AppData\Local\Programs\MiKTeX 2.9\tex/latex/geometry\geometry.
sty"
Package: geometry 2020/01/02 v5.9 Page Geometry

("C:\Users\giada\AppData\Local\Programs\MiKTeX 2.9\tex/latex/graphics\keyval.st
y"
Package: keyval 2014/10/28 v1.15 key=value parser (DPC)
\KV@toks@=\toks15
)
("C:\Users\giada\AppData\Local\Programs\MiKTeX 2.9\tex/generic/iftex\ifvtex.sty
"
Package: ifvtex 2019/10/25 v1.7 ifvtex legacy package. Use iftex instead.
 ("C:\Users\giada\AppData\Local\Programs\MiKTeX 2.9\tex/generic/iftex\iftex.sty
"
Package: iftex 2020/03/06 v1.0d TeX engine tests
))
\Gm@cnth=\count175
\Gm@cntv=\count176
\c@Gm@tempcnt=\count177
\Gm@bindingoffset=\dimen135
\Gm@wd@mp=\dimen136
\Gm@odd@mp=\dimen137
\Gm@even@mp=\dimen138
\Gm@layoutwidth=\dimen139
\Gm@layoutheight=\dimen140
\Gm@layouthoffset=\dimen141
\Gm@layoutvoffset=\dimen142
\Gm@dimlist=\toks16

("C:\Users\giada\AppData\Local\Programs\MiKTeX 2.9\tex/latex/geometry\geometry.
cfg"))
("C:\Users\giada\AppData\Local\Programs\MiKTeX 2.9\tex/generic/babel\babel.sty"
Package: babel 2020/03/22 3.42 The Babel package
("C:\Users\giada\AppData\Local\Programs\MiKTeX 2.9\tex/generic/babel\switch.def
"
File: switch.def 2020/03/22 3.42 Babel switching mechanism
)
*************************************
* Local config file bblopts.cfg used
*
("C:\Users\giada\AppData\Local\Programs\MiKTeX 2.9\tex/latex/arabi\bblopts.cfg"
File: bblopts.cfg 2005/09/08 v0.1 add Arabic and Farsi to "declared" options of
 babel
)
("C:\Users\giada\AppData\Local\Programs\MiKTeX 2.9\tex/latex/babel-italian\ital
ian.ldf"
Language: italian 2019/11/16 v.1.4.03 Italian support for the babel system

("C:\Users\giada\AppData\Local\Programs\MiKTeX 2.9\tex/generic/babel\babel.def"
File: babel.def 2020/03/22 3.42 Babel common definitions
\babel@savecnt=\count178
\U@D=\dimen143

("C:\Users\giada\AppData\Local\Programs\MiKTeX 2.9\tex/generic/babel\txtbabel.d
ef")
\bbl@readstream=\read2
\bbl@dirlevel=\count179
)
\it@lettering=\count180
\it@doublequoteactive=\count181
\it@ISOcompliance=\count182
))
("C:\Users\giada\AppData\Local\Programs\MiKTeX 2.9\tex/latex/etoolbox\etoolbox.
sty"
Package: etoolbox 2019/09/21 v2.5h e-TeX tools for LaTeX (JAW)
\etb@tempcnta=\count183
)
("C:\Users\giada\AppData\Local\Programs\MiKTeX 2.9\tex/latex/base\inputenc.sty"
Package: inputenc 2018/08/11 v1.3c Input encoding file
\inpenc@prehook=\toks17
\inpenc@posthook=\toks18
) ("C:\Users\giada\AppData\Local\Programs\MiKTeX 2.9\tex/latex/base\fontenc.sty
"
Package: fontenc 2020/02/11 v2.0o Standard LaTeX package
)
("C:\Users\giada\AppData\Local\Programs\MiKTeX 2.9\tex/latex/tex-gyre\tgschola.
sty"
Package: tgschola 2009/09/27 v1.2 TeX Gyre Schola as default roman family

("C:\Users\giada\AppData\Local\Programs\MiKTeX 2.9\tex/latex/kvoptions\kvoption
s.sty"
Package: kvoptions 2019/11/29 v3.13 Key value format for package options (HO)

("C:\Users\giada\AppData\Local\Programs\MiKTeX 2.9\tex/generic/ltxcmds\ltxcmds.
sty"
Package: ltxcmds 2019/12/15 v1.24 LaTeX kernel commands for general use (HO)
)
("C:\Users\giada\AppData\Local\Programs\MiKTeX 2.9\tex/generic/kvsetkeys\kvsetk
eys.sty"
Package: kvsetkeys 2019/12/15 v1.18 Key value parser (HO)
)))
("C:\Users\giada\AppData\Local\Programs\MiKTeX 2.9\tex/latex/tools\tabularx.sty
"
Package: tabularx 2020/01/15 v2.11c `tabularx' package (DPC)
 ("C:\Users\giada\AppData\Local\Programs\MiKTeX 2.9\tex/latex/tools\array.sty"
Package: array 2019/08/31 v2.4l Tabular extension package (FMi)
\col@sep=\dimen144
\ar@mcellbox=\box45
\extrarowheight=\dimen145
\NC@list=\toks19
\extratabsurround=\skip49
\backup@length=\skip50
\ar@cellbox=\box46
)
\TX@col@width=\dimen146
\TX@old@table=\dimen147
\TX@old@col=\dimen148
\TX@target=\dimen149
\TX@delta=\dimen150
\TX@cols=\count184
\TX@ftn=\toks20
)
("C:\Users\giada\AppData\Local\Programs\MiKTeX 2.9\tex/latex/tools\longtable.st
y"
Package: longtable 2020/01/07 v4.13 Multi-page Table package (DPC)
\LTleft=\skip51
\LTright=\skip52
\LTpre=\skip53
\LTpost=\skip54
\LTchunksize=\count185
\LTcapwidth=\dimen151
\LT@head=\box47
\LT@firsthead=\box48
\LT@foot=\box49
\LT@lastfoot=\box50
\LT@cols=\count186
\LT@rows=\count187
\c@LT@tables=\count188
\c@LT@chunks=\count189
\LT@p@ftn=\toks21
)
("C:\Users\giada\AppData\Local\Programs\MiKTeX 2.9\tex/latex/hyperref\hyperref.
sty"
Package: hyperref 2020/01/14 v7.00d Hypertext links for LaTeX

("C:\Users\giada\AppData\Local\Programs\MiKTeX 2.9\tex/latex/pdftexcmds\pdftexc
mds.sty"
Package: pdftexcmds 2019/11/24 v0.31 Utility functions of pdfTeX for LuaTeX (HO
)

("C:\Users\giada\AppData\Local\Programs\MiKTeX 2.9\tex/generic/infwarerr\infwar
err.sty"
Package: infwarerr 2019/12/03 v1.5 Providing info/warning/error messages (HO)
)
Package pdftexcmds Info: \pdf@primitive is available.
Package pdftexcmds Info: \pdf@ifprimitive is available.
Package pdftexcmds Info: \pdfdraftmode found.
)
("C:\Users\giada\AppData\Local\Programs\MiKTeX 2.9\tex/generic/kvdefinekeys\kvd
efinekeys.sty"
Package: kvdefinekeys 2019-12-19 v1.6 Define keys (HO)
)
("C:\Users\giada\AppData\Local\Programs\MiKTeX 2.9\tex/generic/pdfescape\pdfesc
ape.sty"
Package: pdfescape 2019/12/09 v1.15 Implements pdfTeX's escape features (HO)
)
("C:\Users\giada\AppData\Local\Programs\MiKTeX 2.9\tex/latex/hycolor\hycolor.st
y"
Package: hycolor 2020-01-27 v1.10 Color options for hyperref/bookmark (HO)
)
("C:\Users\giada\AppData\Local\Programs\MiKTeX 2.9\tex/latex/letltxmacro\letltx
macro.sty"
Package: letltxmacro 2019/12/03 v1.6 Let assignment for LaTeX macros (HO)
)
("C:\Users\giada\AppData\Local\Programs\MiKTeX 2.9\tex/latex/auxhook\auxhook.st
y"
Package: auxhook 2019-12-17 v1.6 Hooks for auxiliary files (HO)
)
\@linkdim=\dimen152
\Hy@linkcounter=\count190
\Hy@pagecounter=\count191

("C:\Users\giada\AppData\Local\Programs\MiKTeX 2.9\tex/latex/hyperref\pd1enc.de
f"
File: pd1enc.def 2020/01/14 v7.00d Hyperref: PDFDocEncoding definition (HO)
Now handling font encoding PD1 ...
... no UTF-8 mapping file for font encoding PD1
)
("C:\Users\giada\AppData\Local\Programs\MiKTeX 2.9\tex/generic/intcalc\intcalc.
sty"
Package: intcalc 2019/12/15 v1.3 Expandable calculations with integers (HO)
)
("C:\Users\giada\AppData\Local\Programs\MiKTeX 2.9\tex/generic/etexcmds\etexcmd
s.sty"
Package: etexcmds 2019/12/15 v1.7 Avoid name clashes with e-TeX commands (HO)
)
\Hy@SavedSpaceFactor=\count192
Package hyperref Info: Hyper figures OFF on input line 4547.
Package hyperref Info: Link nesting OFF on input line 4552.
Package hyperref Info: Hyper index ON on input line 4555.
Package hyperref Info: Plain pages OFF on input line 4562.
Package hyperref Info: Backreferencing OFF on input line 4567.
Package hyperref Info: Implicit mode ON; LaTeX internals redefined.
Package hyperref Info: Bookmarks ON on input line 4800.
\c@Hy@tempcnt=\count193
 ("C:\Users\giada\AppData\Local\Programs\MiKTeX 2.9\tex/latex/url\url.sty"
\Urlmuskip=\muskip16
Package: url 2013/09/16  ver 3.4  Verb mode for urls, etc.
)
LaTeX Info: Redefining \url on input line 5159.
\XeTeXLinkMargin=\dimen153

("C:\Users\giada\AppData\Local\Programs\MiKTeX 2.9\tex/generic/bitset\bitset.st
y"
Package: bitset 2019/12/09 v1.3 Handle bit-vector datatype (HO)

("C:\Users\giada\AppData\Local\Programs\MiKTeX 2.9\tex/generic/bigintcalc\bigin
tcalc.sty"
Package: bigintcalc 2019/12/15 v1.5 Expandable calculations on big integers (HO
)
))
\Fld@menulength=\count194
\Field@Width=\dimen154
\Fld@charsize=\dimen155
Package hyperref Info: Hyper figures OFF on input line 6430.
Package hyperref Info: Link nesting OFF on input line 6435.
Package hyperref Info: Hyper index ON on input line 6438.
Package hyperref Info: backreferencing OFF on input line 6445.
Package hyperref Info: Link coloring OFF on input line 6450.
Package hyperref Info: Link coloring with OCG OFF on input line 6455.
Package hyperref Info: PDF/A mode OFF on input line 6460.
LaTeX Info: Redefining \ref on input line 6500.
LaTeX Info: Redefining \pageref on input line 6504.

("C:\Users\giada\AppData\Local\Programs\MiKTeX 2.9\tex/generic/atbegshi\atbegsh
i.sty"
Package: atbegshi 2019/12/05 v1.19 At begin shipout hook (HO)
)
\Hy@abspage=\count195
\c@Item=\count196
\c@Hfootnote=\count197
)
Package hyperref Info: Driver (autodetected): hpdftex.

("C:\Users\giada\AppData\Local\Programs\MiKTeX 2.9\tex/latex/hyperref\hpdftex.d
ef"
File: hpdftex.def 2020/01/14 v7.00d Hyperref driver for pdfTeX

("C:\Users\giada\AppData\Local\Programs\MiKTeX 2.9\tex/latex/atveryend\atveryen
d.sty"
Package: atveryend 2019-12-11 v1.11 Hooks at the very end of document (HO)
)
\Fld@listcount=\count198
\c@bookmark@seq@number=\count199

("C:\Users\giada\AppData\Local\Programs\MiKTeX 2.9\tex/latex/rerunfilecheck\rer
unfilecheck.sty"
Package: rerunfilecheck 2019/12/05 v1.9 Rerun checks for auxiliary files (HO)

("C:\Users\giada\AppData\Local\Programs\MiKTeX 2.9\tex/generic/uniquecounter\un
iquecounter.sty"
Package: uniquecounter 2019/12/15 v1.4 Provide unlimited unique counter (HO)
)
Package uniquecounter Info: New unique counter `rerunfilecheck' on input line 2
86.
)
\Hy@SectionHShift=\skip55
)
("C:\Users\giada\AppData\Local\Programs\MiKTeX 2.9\tex/latex/enumitem\enumitem.
sty"
Package: enumitem 2019/06/20 v3.9 Customized lists
\labelindent=\skip56
\enit@outerparindent=\dimen156
\enit@toks=\toks22
\enit@inbox=\box51
\enit@count@id=\count266
\enitdp@description=\count267
)
Package hyperref Info: Option `colorlinks' set `true' on input line 18.

("C:\Users\giada\AppData\Local\Programs\MiKTeX 2.9\tex/latex/chngcntr\chngcntr.
sty"
Package: chngcntr 2018/04/09 v1.1a change counter resetting
)
("C:\Users\giada\AppData\Local\Programs\MiKTeX 2.9\tex/latex/footmisc\footmisc.
sty"
Package: footmisc 2011/06/06 v5.5b a miscellany of footnote facilities
\FN@temptoken=\toks23
\footnotemargin=\dimen157
\c@pp@next@reset=\count268
Package footmisc Info: Declaring symbol style bringhurst on input line 855.
Package footmisc Info: Declaring symbol style chicago on input line 863.
Package footmisc Info: Declaring symbol style wiley on input line 872.
Package footmisc Info: Declaring symbol style lamport-robust on input line 883.

Package footmisc Info: Declaring symbol style lamport* on input line 903.
Package footmisc Info: Declaring symbol style lamport*-robust on input line 924
.
)
("C:\Users\giada\AppData\Local\Programs\MiKTeX 2.9\tex/latex/fancyhdr\fancyhdr.
sty"
Package: fancyhdr 2019/01/31 v3.10 Extensive control of page headers and footer
s
\f@nch@headwidth=\skip57
\f@nch@O@elh=\skip58
\f@nch@O@erh=\skip59
\f@nch@O@olh=\skip60
\f@nch@O@orh=\skip61
\f@nch@O@elf=\skip62
\f@nch@O@erf=\skip63
\f@nch@O@olf=\skip64
\f@nch@O@orf=\skip65
)
("C:\Users\giada\AppData\Local\Programs\MiKTeX 2.9\tex/latex/amsmath\amsmath.st
y"
Package: amsmath 2020/01/20 v2.17e AMS math features
\@mathmargin=\skip66

For additional information on amsmath, use the `?' option.

("C:\Users\giada\AppData\Local\Programs\MiKTeX 2.9\tex/latex/amsmath\amstext.st
y"
Package: amstext 2000/06/29 v2.01 AMS text

("C:\Users\giada\AppData\Local\Programs\MiKTeX 2.9\tex/latex/amsmath\amsgen.sty
"
File: amsgen.sty 1999/11/30 v2.0 generic functions
\@emptytoks=\toks24
\ex@=\dimen158
))
("C:\Users\giada\AppData\Local\Programs\MiKTeX 2.9\tex/latex/amsmath\amsbsy.sty
"
Package: amsbsy 1999/11/29 v1.2d Bold Symbols
\pmbraise@=\dimen159
)
("C:\Users\giada\AppData\Local\Programs\MiKTeX 2.9\tex/latex/amsmath\amsopn.sty
"
Package: amsopn 2016/03/08 v2.02 operator names
)
\inf@bad=\count269
LaTeX Info: Redefining \frac on input line 227.
\uproot@=\count270
\leftroot@=\count271
LaTeX Info: Redefining \overline on input line 389.
\classnum@=\count272
\DOTSCASE@=\count273
LaTeX Info: Redefining \ldots on input line 486.
LaTeX Info: Redefining \dots on input line 489.
LaTeX Info: Redefining \cdots on input line 610.
\Mathstrutbox@=\box52
\strutbox@=\box53
\big@size=\dimen160
LaTeX Font Info:    Redeclaring font encoding OML on input line 733.
LaTeX Font Info:    Redeclaring font encoding OMS on input line 734.
\macc@depth=\count274
\c@MaxMatrixCols=\count275
\dotsspace@=\muskip17
\c@parentequation=\count276
\dspbrk@lvl=\count277
\tag@help=\toks25
\row@=\count278
\column@=\count279
\maxfields@=\count280
\andhelp@=\toks26
\eqnshift@=\dimen161
\alignsep@=\dimen162
\tagshift@=\dimen163
\tagwidth@=\dimen164
\totwidth@=\dimen165
\lineht@=\dimen166
\@envbody=\toks27
\multlinegap=\skip67
\multlinetaggap=\skip68
\mathdisplay@stack=\toks28
LaTeX Info: Redefining \[ on input line 2859.
LaTeX Info: Redefining \] on input line 2860.
)
("C:\Users\giada\AppData\Local\Programs\MiKTeX 2.9\tex/latex/amsfonts\amssymb.s
ty"
Package: amssymb 2013/01/14 v3.01 AMS font symbols

("C:\Users\giada\AppData\Local\Programs\MiKTeX 2.9\tex/latex/amsfonts\amsfonts.
sty"
Package: amsfonts 2013/01/14 v3.01 Basic AMSFonts support
\symAMSa=\mathgroup4
\symAMSb=\mathgroup5
LaTeX Font Info:    Redeclaring math symbol \hbar on input line 98.
LaTeX Font Info:    Overwriting math alphabet `\mathfrak' in version `bold'
(Font)                  U/euf/m/n --> U/euf/b/n on input line 106.
))
("C:\Users\giada\AppData\Local\Programs\MiKTeX 2.9\tex/latex/graphics\graphicx.
sty"
Package: graphicx 2019/11/30 v1.2a Enhanced LaTeX Graphics (DPC,SPQR)

("C:\Users\giada\AppData\Local\Programs\MiKTeX 2.9\tex/latex/graphics\graphics.
sty"
Package: graphics 2019/11/30 v1.4a Standard LaTeX Graphics (DPC,SPQR)

("C:\Users\giada\AppData\Local\Programs\MiKTeX 2.9\tex/latex/graphics\trig.sty"
Package: trig 2016/01/03 v1.10 sin cos tan (DPC)
)
("C:\Users\giada\AppData\Local\Programs\MiKTeX 2.9\tex/latex/graphics-cfg\graph
ics.cfg"
File: graphics.cfg 2016/06/04 v1.11 sample graphics configuration
)
Package graphics Info: Driver file: pdftex.def on input line 105.

("C:\Users\giada\AppData\Local\Programs\MiKTeX 2.9\tex/latex/graphics-def\pdfte
x.def"
File: pdftex.def 2018/01/08 v1.0l Graphics/color driver for pdftex
))
\Gin@req@height=\dimen167
\Gin@req@width=\dimen168
)
("C:\Users\giada\AppData\Local\Programs\MiKTeX 2.9\tex/latex/listings\listings.
sty"
\lst@mode=\count281
\lst@gtempboxa=\box54
\lst@token=\toks29
\lst@length=\count282
\lst@currlwidth=\dimen169
\lst@column=\count283
\lst@pos=\count284
\lst@lostspace=\dimen170
\lst@width=\dimen171
\lst@newlines=\count285
\lst@lineno=\count286
\lst@maxwidth=\dimen172

("C:\Users\giada\AppData\Local\Programs\MiKTeX 2.9\tex/latex/listings\lstmisc.s
ty"
File: lstmisc.sty 2020/03/24 1.8d (Carsten Heinz)
\c@lstnumber=\count287
\lst@skipnumbers=\count288
\lst@framebox=\box55
)
("C:\Users\giada\AppData\Local\Programs\MiKTeX 2.9\tex/latex/listings\listings.
cfg"
File: listings.cfg 2020/03/24 1.8d listings configuration
))
Package: listings 2020/03/24 1.8d (Carsten Heinz)

("C:\Users\giada\AppData\Local\Programs\MiKTeX 2.9\tex/latex/base\ifthen.sty"
Package: ifthen 2014/09/29 v1.1c Standard LaTeX ifthen package (DPC)
)
("C:\Users\giada\AppData\Local\Programs\MiKTeX 2.9\tex/latex/layouts\layouts.st
y"
Package: layouts 2009/09/02 v2.6d graphical depiction of document elements
\l@ylen=\skip69
\layoutsbox=\box56
\l@youtunitlength=\skip70
\l@youtlinethick=\skip71
\l@youtlinethickii=\skip72
\l@ysetupparskip=\skip73
\l@ysetupbaselineskip=\skip74
\l@yonem=\skip75
\l@yonex=\skip76
\l@ylmarg=\skip77
\l@yrmarg=\skip78
\l@yitmindent=\skip79
\l@ylblwidth=\skip80
\l@ylblsep=\skip81
\l@ylparindent=\skip82
\l@ytsep=\skip83
\l@ypskip=\skip84
\l@yptsep=\skip85
\l@ypsep=\skip86
\l@yitmsep=\skip87
\l@ytok=\toks30
\l@youtpw=\count289
\l@youtph=\count290
\l@youthpi=\count291
\l@youthpii=\count292
\l@youthpiii=\count293
\l@youthpiv=\count294
\l@youthpv=\count295
\l@youthpvi=\count296
\l@youthpvii=\count297
\l@youtparskip=\count298
\l@youtvpi=\count299
\l@youtvpii=\count300
\l@youtvpiii=\count301
\l@youtvpiv=\count302
\l@youtvpv=\count303
\l@youtvpvi=\count304
\l@youtvpvii=\count305
\l@youthdo=\count306
\l@youthdi=\count307
\l@youthdii=\count308
\l@youthdiii=\count309
\l@youthdiv=\count310
\l@youthdv=\count311
\l@youthdvi=\count312
\l@youthdvii=\count313
\l@youtvdo=\count314
\l@youtvdi=\count315
\l@youtvdii=\count316
\l@youtvdiii=\count317
\l@youtvdiv=\count318
\l@youtvdv=\count319
\l@youtvdvi=\count320
\l@youtvdvii=\count321
\l@youtvdviii=\count322
\l@youtxci=\count323
\l@youtxcii=\count324
\l@youtxciii=\count325
\l@youtxciv=\count326
\l@youtxcv=\count327
\l@youtxcvi=\count328
\l@youtyci=\count329
\l@youtycii=\count330
\l@youtyciii=\count331
\l@youtyciv=\count332
\l@youtycv=\count333
\l@youtycvi=\count334
\l@youtycvii=\count335
\l@youtycviii=\count336
\l@youtxco=\count337
\l@youtyco=\count338
\l@ytempdima=\skip88
\stockwidth=\skip89
\stockheight=\skip90
\trimedge=\skip91
\trimtop=\skip92
\uppermargin=\skip93
\spinemargin=\skip94
)
("C:\Users\giada\AppData\Local\Programs\MiKTeX 2.9\tex/latex/comment\comment.st
y"
\CommentStream=\write3
 Excluding comment 'comment')
("C:\Users\giada\AppData\Local\Programs\MiKTeX 2.9\tex/latex/float\float.sty"
Package: float 2001/11/08 v1.3d Float enhancements (AL)
\c@float@type=\count339
\float@exts=\toks31
\float@box=\box57
\@float@everytoks=\toks32
\@floatcapt=\box58
)
("C:\Users\giada\AppData\Local\Programs\MiKTeX 2.9\tex/latex/eurosym\eurosym.st
y"
Package: eurosym 1998/08/06 v1.1 European currency symbol ``Euro''
\@eurobox=\box59
)
("C:\Users\giada\AppData\Local\Programs\MiKTeX 2.9\tex/latex/lastpage\lastpage.
sty"
Package: lastpage 2015/03/29 v1.2m Refers to last page's name (HMM; JPG)
)
("C:\Users\giada\AppData\Local\Programs\MiKTeX 2.9\tex/latex/multirow\multirow.
sty"
Package: multirow 2019/05/31 v2.5 Span multiple rows of a table
\multirow@colwidth=\skip95
\multirow@cntb=\count340
\multirow@dima=\skip96
\bigstrutjot=\dimen173
)
("C:\Users\giada\AppData\Local\Programs\MiKTeX 2.9\tex/latex/xcolor\xcolor.sty"
Package: xcolor 2016/05/11 v2.12 LaTeX color extensions (UK)

("C:\Users\giada\AppData\Local\Programs\MiKTeX 2.9\tex/latex/graphics-cfg\color
.cfg"
File: color.cfg 2016/01/02 v1.6 sample color configuration
)
Package xcolor Info: Driver file: pdftex.def on input line 225.

("C:\Users\giada\AppData\Local\Programs\MiKTeX 2.9\tex/latex/colortbl\colortbl.
sty"
Package: colortbl 2020/01/04 v1.0e Color table columns (DPC)
\everycr=\toks33
\minrowclearance=\skip97
)
\rownum=\count341
Package xcolor Info: Model `cmy' substituted by `cmy0' on input line 1348.
Package xcolor Info: Model `hsb' substituted by `rgb' on input line 1352.
Package xcolor Info: Model `RGB' extended on input line 1364.
Package xcolor Info: Model `HTML' substituted by `rgb' on input line 1366.
Package xcolor Info: Model `Hsb' substituted by `hsb' on input line 1367.
Package xcolor Info: Model `tHsb' substituted by `hsb' on input line 1368.
Package xcolor Info: Model `HSB' substituted by `hsb' on input line 1369.
Package xcolor Info: Model `Gray' substituted by `gray' on input line 1370.
Package xcolor Info: Model `wave' substituted by `hsb' on input line 1371.
)) (config/titlepage_input.tex)
\@indexfile=\write4
\openout4 = `relazione.idx'.


Writing index file relazione.idx

("C:\Users\giada\AppData\Local\Programs\MiKTeX 2.9\tex/latex/l3backend\l3backen
d-pdfmode.def"
File: l3backend-pdfmode.def 2020-03-12 L3 backend support: PDF mode
\l__kernel_color_stack_int=\count342
\l__pdf_internal_box=\box60
) (relazione.aux)
\openout1 = `relazione.aux'.

LaTeX Font Info:    Checking defaults for OML/cmm/m/it on input line 9.
LaTeX Font Info:    ... okay on input line 9.
LaTeX Font Info:    Checking defaults for OMS/cmsy/m/n on input line 9.
LaTeX Font Info:    ... okay on input line 9.
LaTeX Font Info:    Checking defaults for OT1/cmr/m/n on input line 9.
LaTeX Font Info:    ... okay on input line 9.
LaTeX Font Info:    Checking defaults for T1/cmr/m/n on input line 9.
LaTeX Font Info:    ... okay on input line 9.
LaTeX Font Info:    Checking defaults for TS1/cmr/m/n on input line 9.
LaTeX Font Info:    ... okay on input line 9.
LaTeX Font Info:    Checking defaults for OMX/cmex/m/n on input line 9.
LaTeX Font Info:    ... okay on input line 9.
LaTeX Font Info:    Checking defaults for U/cmr/m/n on input line 9.
LaTeX Font Info:    ... okay on input line 9.
LaTeX Font Info:    Checking defaults for PD1/pdf/m/n on input line 9.
LaTeX Font Info:    ... okay on input line 9.
LaTeX Font Info:    Trying to load font information for T1+qcs on input line 9.


("C:\Users\giada\AppData\Local\Programs\MiKTeX 2.9\tex/latex/tex-gyre\t1qcs.fd"
File: t1qcs.fd 2009/09/25 v1.2 font definition file for T1/qcs
)
*geometry* driver: auto-detecting
*geometry* detected driver: pdftex
*geometry* verbose mode - [ preamble ] result:
* driver: pdftex
* paper: a4paper
* layout: <same size as paper>
* layoutoffset:(h,v)=(0.0pt,0.0pt)
* modes: 
* h-part:(L,W,R)=(89.62709pt, 418.25368pt, 89.6271pt)
* v-part:(T,H,B)=(101.40665pt, 591.5302pt, 152.11pt)
* \paperwidth=597.50787pt
* \paperheight=845.04684pt
* \textwidth=418.25368pt
* \textheight=591.5302pt
* \oddsidemargin=17.3571pt
* \evensidemargin=17.3571pt
* \topmargin=-7.86334pt
* \headheight=35.0pt
* \headsep=25.0pt
* \topskip=10.0pt
* \footskip=30.0pt
* \marginparwidth=57.0pt
* \marginparsep=11.0pt
* \columnsep=10.0pt
* \skip\footins=9.0pt plus 4.0pt minus 2.0pt
* \hoffset=0.0pt
* \voffset=0.0pt
* \mag=1000
* \@twocolumnfalse
* \@twosidefalse
* \@mparswitchfalse
* \@reversemarginfalse
* (1in=72.27pt=25.4mm, 1cm=28.453pt)

LaTeX Info: Redefining \it@ocap on input line 9.
LaTeX Info: Redefining \it@ccap on input line 9.
\AtBeginShipoutBox=\box61

Package hyperref Warning: Height of page (\stockheight) is invalid (0.0pt),
(hyperref)                using 11in.

Package hyperref Info: Link coloring ON on input line 9.

("C:\Users\giada\AppData\Local\Programs\MiKTeX 2.9\tex/latex/hyperref\nameref.s
ty"
Package: nameref 2019/09/16 v2.46 Cross-referencing by name of section

("C:\Users\giada\AppData\Local\Programs\MiKTeX 2.9\tex/latex/refcount\refcount.
sty"
Package: refcount 2019/12/15 v3.6 Data extraction from label references (HO)
)
("C:\Users\giada\AppData\Local\Programs\MiKTeX 2.9\tex/generic/gettitlestring\g
ettitlestring.sty"
Package: gettitlestring 2019/12/15 v1.6 Cleanup title references (HO)
)
\c@section@level=\count343
)
LaTeX Info: Redefining \ref on input line 9.
LaTeX Info: Redefining \pageref on input line 9.
LaTeX Info: Redefining \nameref on input line 9.
 (relazione.out) (relazione.out)
\@outlinefile=\write5
\openout5 = `relazione.out'.


("C:\Users\giada\AppData\Local\Programs\MiKTeX 2.9\tex/context/base/mkii\supp-p
df.mkii"
[Loading MPS to PDF converter (version 2006.09.02).]
\scratchcounter=\count344
\scratchdimen=\dimen174
\scratchbox=\box62
\nofMPsegments=\count345
\nofMParguments=\count346
\everyMPshowfont=\toks34
\MPscratchCnt=\count347
\MPscratchDim=\dimen175
\MPnumerator=\count348
\makeMPintoPDFobject=\count349
\everyMPtoPDFconversion=\toks35
)
("C:\Users\giada\AppData\Local\Programs\MiKTeX 2.9\tex/latex/epstopdf-pkg\epsto
pdf-base.sty"
Package: epstopdf-base 2020-01-24 v2.11 Base part for package epstopdf
Package epstopdf-base Info: Redefining graphics rule for `.eps' on input line 4
85.
)
\c@lstlisting=\count350


Package layouts Warning: Layout scale set to 0.5 on input line 9.

Package lastpage Info: Please have a look at the pageslts package at
(lastpage)             https://www.ctan.org/pkg/pageslts
(lastpage)             ! on input line 9.
(../latex/titlepage.tex
<../latex/images/logotitle.png, id=91, 5811.7125pt x 1905.1175pt>
File: ../latex/images/logotitle.png Graphic file (type png)
<use ../latex/images/logotitle.png>
Package pdftex.def Info: ../latex/images/logotitle.png  used on input line 5.
(pdftex.def)             Requested size: 290.60265pt x 95.26144pt.
LaTeX Font Info:    Trying to load font information for T1+cmss on input line 7
.

("C:\Users\giada\AppData\Local\Programs\MiKTeX 2.9\tex/latex/base\t1cmss.fd"
File: t1cmss.fd 2019/12/16 v2.5j Standard LaTeX font definitions
)

LaTeX Font Warning: Font shape `T1/qcs/m/sl' in size <14.4> not available
(Font)              Font shape `T1/qcs/m/it' tried instead on input line 10.

LaTeX Font Info:    Trying to load font information for T1+cmtt on input line 1
5.
("C:\Users\giada\AppData\Local\Programs\MiKTeX 2.9\tex/latex/base\t1cmtt.fd"
File: t1cmtt.fd 2019/12/16 v2.5j Standard LaTeX font definitions
)
<../latex/images/logoUniPD.png, id=94, 2309.62875pt x 1043.9pt>
File: ../latex/images/logoUniPD.png Graphic file (type png)
<use ../latex/images/logoUniPD.png>
Package pdftex.def Info: ../latex/images/logoUniPD.png  used on input line 19.
(pdftex.def)             Requested size: 127.01234pt x 57.40671pt.

[1

{C:/Users/giada/AppData/Local/MiKTeX/2.9/pdftex/config/pdftex.map} <../latex/im
ages/logotitle.png> <../latex/images/logoUniPD.png>]) (relazione.toc
LaTeX Font Info:    Trying to load font information for U+msa on input line 4.

("C:\Users\giada\AppData\Local\Programs\MiKTeX 2.9\tex/latex/amsfonts\umsa.fd"
File: umsa.fd 2013/01/14 v3.01 AMS symbols A
)
LaTeX Font Info:    Trying to load font information for U+msb on input line 4.
("C:\Users\giada\AppData\Local\Programs\MiKTeX 2.9\tex/latex/amsfonts\umsb.fd"
File: umsb.fd 2013/01/14 v3.01 AMS symbols B
))
\tf@toc=\write6
\openout6 = `relazione.toc'.

<../latex/images/logo.png, id=128, 2168.1pt x 2168.1pt>
File: ../latex/images/logo.png Graphic file (type png)
<use ../latex/images/logo.png>
Package pdftex.def Info: ../latex/images/logo.png  used on input line 16.
(pdftex.def)             Requested size: 43.37115pt x 43.37115pt.


Package Fancyhdr Warning: \headheight is too small (35.0pt): 
Make it at least 46.97119pt.
We now make it that large for the rest of the document.
This may cause the page layout to be inconsistent, however.

pdfTeX warning (ext4): destination with the same identifier (name{page.1}) has 
been already used, duplicate ignored
<to be read again> 
                   \relax 
l.16 		
        [1 <../latex/images/logo.png>] (res/sections/01_Introduction.tex)
(res/sections/02_Progettazione.tex
File: ../latex/images/logo.png Graphic file (type png)
<use ../latex/images/logo.png>
Package pdftex.def Info: ../latex/images/logo.png  used on input line 1.
(pdftex.def)             Requested size: 43.37115pt x 43.37115pt.
 [2]
LaTeX Font Info:    Trying to load font information for TS1+qcs on input line 1
2.

("C:\Users\giada\AppData\Local\Programs\MiKTeX 2.9\tex/latex/tex-gyre\ts1qcs.fd
"
File: ts1qcs.fd 2009/09/25 v1.2 font definition file for TS1/qcs
)
File: ../latex/images/logo.png Graphic file (type png)
<use ../latex/images/logo.png>
Package pdftex.def Info: ../latex/images/logo.png  used on input line 47.
(pdftex.def)             Requested size: 43.37115pt x 43.37115pt.
 [3]
<../latex/images/db.png, id=151, 753.81625pt x 387.4475pt>
File: ../latex/images/db.png Graphic file (type png)
<use ../latex/images/db.png>
Package pdftex.def Info: ../latex/images/db.png  used on input line 48.
(pdftex.def)             Requested size: 376.90721pt x 193.72327pt.

Underfull \hbox (badness 10000) in paragraph at lines 55--59

 []

File: ../latex/images/logo.png Graphic file (type png)
<use ../latex/images/logo.png>
Package pdftex.def Info: ../latex/images/logo.png  used on input line 61.
(pdftex.def)             Requested size: 43.37115pt x 43.37115pt.
[4 <../latex/images/db.png>]
Underfull \hbox (badness 10000) in paragraph at lines 73--78

 []

File: ../latex/images/logo.png Graphic file (type png)
<use ../latex/images/logo.png>
Package pdftex.def Info: ../latex/images/logo.png  used on input line 79.
(pdftex.def)             Requested size: 43.37115pt x 43.37115pt.
[5]
<../latex/images/aggiungi.png, id=164, 271.0125pt x 135.50626pt>
File: ../latex/images/aggiungi.png Graphic file (type png)
<use ../latex/images/aggiungi.png>
Package pdftex.def Info: ../latex/images/aggiungi.png  used on input line 85.
(pdftex.def)             Requested size: 104.56342pt x 52.28067pt.
<../latex/images/pt2.png, id=165, 743.02594pt x 356.83313pt>
File: ../latex/images/pt2.png Graphic file (type png)
<use ../latex/images/pt2.png>
Package pdftex.def Info: ../latex/images/pt2.png  used on input line 85.
(pdftex.def)             Requested size: 167.2989pt x 80.34387pt.
<../latex/images/pt1.png, id=166, 743.02594pt x 721.94719pt>
File: ../latex/images/pt1.png Graphic file (type png)
<use ../latex/images/pt1.png>
Package pdftex.def Info: ../latex/images/pt1.png  used on input line 88.
(pdftex.def)             Requested size: 125.47737pt x 121.9142pt.
<../latex/images/pt3.png, id=167, 737.75626pt x 448.67625pt>
File: ../latex/images/pt3.png Graphic file (type png)
<use ../latex/images/pt3.png>
Package pdftex.def Info: ../latex/images/pt3.png  used on input line 88.
(pdftex.def)             Requested size: 167.2989pt x 101.74196pt.
File: ../latex/images/logo.png Graphic file (type png)
<use ../latex/images/logo.png>
Package pdftex.def Info: ../latex/images/logo.png  used on input line 92.
(pdftex.def)             Requested size: 43.37115pt x 43.37115pt.
 [6 <../latex/images/aggiungi.png> <../latex/images/pt2.png> <../latex/images/p
t1.png> <../latex/images/pt3.png>]
<../latex/images/modifica.png, id=174, 249.93375pt x 303.38344pt>
File: ../latex/images/modifica.png Graphic file (type png)
<use ../latex/images/modifica.png>
Package pdftex.def Info: ../latex/images/modifica.png  used on input line 97.
(pdftex.def)             Requested size: 99.58464pt x 120.87903pt.

Underfull \hbox (badness 10000) in paragraph at lines 102--103

 []

File: ../latex/images/logo.png Graphic file (type png)
<use ../latex/images/logo.png>
Package pdftex.def Info: ../latex/images/logo.png  used on input line 109.
(pdftex.def)             Requested size: 43.37115pt x 43.37115pt.
[7pdfTeX warning (ext4): destination with the same identifier (name{figure.2.3.
1}) has been already used, duplicate ignored

\AtBegShi@Output ...ipout \box \AtBeginShipoutBox 
                                                  \fi \fi 
l.109 \end{itemize}
                    <../latex/images/modifica.png>])
File: ../latex/images/logo.png Graphic file (type png)
<use ../latex/images/logo.png>
Package pdftex.def Info: ../latex/images/logo.png  used on input line 22.
(pdftex.def)             Requested size: 43.37115pt x 43.37115pt.
 [8]
(res/sections/03_Presentazione.tex
Underfull \hbox (badness 10000) in paragraph at lines 2--3

 []

<../latex/images/desktopclient.png, id=186, 1138.2525pt x 384.2355pt>
File: ../latex/images/desktopclient.png Graphic file (type png)
<use ../latex/images/desktopclient.png>
Package pdftex.def Info: ../latex/images/desktopclient.png  used on input line 
10.
(pdftex.def)             Requested size: 398.39435pt x 134.48444pt.
<../latex/images/desktopclient-footer.png, id=187, 1138.2525pt x 240.9pt>
File: ../latex/images/desktopclient-footer.png Graphic file (type png)
<use ../latex/images/desktopclient-footer.png>
Package pdftex.def Info: ../latex/images/desktopclient-footer.png  used on inpu
t line 11.
(pdftex.def)             Requested size: 398.39435pt x 84.31625pt.
File: ../latex/images/logo.png Graphic file (type png)
<use ../latex/images/logo.png>
Package pdftex.def Info: ../latex/images/logo.png  used on input line 15.
(pdftex.def)             Requested size: 43.37115pt x 43.37115pt.
[9 <../latex/images/desktopclient.png> <../latex/images/desktopclient-footer.pn
g>]
<../latex/images/desktopadmin.png, id=193, 890.72775pt x 382.42876pt>
File: ../latex/images/desktopadmin.png Graphic file (type png)
<use ../latex/images/desktopadmin.png>
Package pdftex.def Info: ../latex/images/desktopadmin.png  used on input line 1
6.
(pdftex.def)             Requested size: 356.28479pt x 152.96878pt.
<../latex/images/mobileclient.png, id=194, 387.849pt x 480.5955pt>
File: ../latex/images/mobileclient.png Graphic file (type png)
<use ../latex/images/mobileclient.png>
Package pdftex.def Info: ../latex/images/mobileclient.png  used on input line 2
4.
(pdftex.def)             Requested size: 135.74918pt x 168.21094pt.
File: ../latex/images/logo.png Graphic file (type png)
<use ../latex/images/logo.png>
Package pdftex.def Info: ../latex/images/logo.png  used on input line 28.
(pdftex.def)             Requested size: 43.37115pt x 43.37115pt.
 [10 <../latex/images/desktopadmin.png> <../latex/images/mobileclient.png>]
<../latex/images/mobileadmin.png, id=201, 395.076pt x 540.8205pt>
File: ../latex/images/mobileadmin.png Graphic file (type png)
<use ../latex/images/mobileadmin.png>
Package pdftex.def Info: ../latex/images/mobileadmin.png  used on input line 29
.
(pdftex.def)             Requested size: 138.27866pt x 189.29001pt.
<../latex/images/clientprint.png, id=202, 395.076pt x 470.9595pt>
File: ../latex/images/clientprint.png Graphic file (type png)
<use ../latex/images/clientprint.png>
Package pdftex.def Info: ../latex/images/clientprint.png  used on input line 34
.
(pdftex.def)             Requested size: 146.39133pt x 174.51099pt.
<../latex/images/adminprint.png, id=203, 477.58424pt x 382.42876pt>
File: ../latex/images/adminprint.png Graphic file (type png)
<use ../latex/images/adminprint.png>
Package pdftex.def Info: ../latex/images/adminprint.png  used on input line 34.

(pdftex.def)             Requested size: 188.21288pt x 150.7105pt.
)
File: ../latex/images/logo.png Graphic file (type png)
<use ../latex/images/logo.png>
Package pdftex.def Info: ../latex/images/logo.png  used on input line 24.
(pdftex.def)             Requested size: 43.37115pt x 43.37115pt.
[11 <../latex/images/mobileadmin.png> <../latex/images/clientprint.png> <../lat
ex/images/adminprint.png>] (res/sections/04_Test.tex)
File: ../latex/images/logo.png Graphic file (type png)
<use ../latex/images/logo.png>
Package pdftex.def Info: ../latex/images/logo.png  used on input line 26.
(pdftex.def)             Requested size: 43.37115pt x 43.37115pt.
 [12]
(res/sections/05_Realizzazione.tex)
File: ../latex/images/logo.png Graphic file (type png)
<use ../latex/images/logo.png>
Package pdftex.def Info: ../latex/images/logo.png  used on input line 28.
(pdftex.def)             Requested size: 43.37115pt x 43.37115pt.
 [13] 
AED: lastpage setting LastPage
Package atveryend Info: Empty hook `BeforeClearDocument' on input line 29.
Package atveryend Info: Empty hook `AfterLastShipout' on input line 29.
(relazione.aux)
Package atveryend Info: Executing hook `AtVeryEndDocument' on input line 29.
Package atveryend Info: Executing hook `AtEndAfterFileList' on input line 29.
Package rerunfilecheck Info: File `relazione.out' has not changed.
(rerunfilecheck)             Checksum: 108E35A3D72C4D787A4885DB8A71CDE1;1348.
 ) 
Here is how much of TeX's memory you used:
 11371 strings out of 480898
 169199 string characters out of 2898308
 479370 words of memory out of 3000000
 26930 multiletter control sequences out of 15000+200000
 567548 words of font info for 47 fonts, out of 3000000 for 9000
 1141 hyphenation exceptions out of 8191
 37i,16n,47p,932b,535s stack positions out of 5000i,500n,10000p,200000b,50000s
{C:/Users/giada/AppData/Local/Programs/MiKTeX 2.9/fonts/enc/dvips/cm-super/cm
-super-t1.enc}{C:/Users/giada/AppData/Local/Programs/MiKTeX 2.9/fonts/enc/dvips
/tex-gyre/q-ts1.enc}{C:/Users/giada/AppData/Local/Programs/MiKTeX 2.9/fonts/enc
/dvips/tex-gyre/q-ec.enc}{C:/Users/giada/AppData/Local/Programs/MiKTeX 2.9/font
s/enc/dvips/tex-gyre/q-ec-sc.enc}<C:/Users/giada/AppData/Local/Programs/MiKTeX 
2.9/fonts/type1/public/tex-gyre/qcsb.pfb><C:/Users/giada/AppData/Local/Programs
/MiKTeX 2.9/fonts/type1/public/tex-gyre/qcsr.pfb><C:/Users/giada/AppData/Local/
Programs/MiKTeX 2.9/fonts/type1/public/tex-gyre/qcsri.pfb><C:/Users/giada/AppDa
ta/Local/Programs/MiKTeX 2.9/fonts/type1/public/cm-super/sfss1440.pfb><C:/Users
/giada/AppData/Local/Programs/MiKTeX 2.9/fonts/type1/public/cm-super/sftt1000.p
fb><C:/Users/giada/AppData/Local/Programs/MiKTeX 2.9/fonts/type1/public/cm-supe
r/sftt1440.pfb>
Output written on relazione.pdf (14 pages, 5463790 bytes).
PDF statistics:
 270 PDF objects out of 1000 (max. 8388607)
 48 named destinations out of 1000 (max. 500000)
 257 words of extra memory for PDF output out of 10000 (max. 10000000)

