\BOOKMARK [1][-]{section.1}{Introduzione}{}% 1
\BOOKMARK [2][-]{subsection.1.1}{Abstract}{section.1}% 2
\BOOKMARK [2][-]{subsection.1.2}{Utenti destinatari}{section.1}% 3
\BOOKMARK [2][-]{subsection.1.3}{Possibili sviluppi futuri}{section.1}% 4
\BOOKMARK [1][-]{section.2}{Progettazione}{}% 5
\BOOKMARK [2][-]{subsection.2.1}{Classificazione degli utenti}{section.2}% 6
\BOOKMARK [2][-]{subsection.2.2}{Database}{section.2}% 7
\BOOKMARK [2][-]{subsection.2.3}{Struttura dei contenuti}{section.2}% 8
\BOOKMARK [3][-]{subsubsection.2.3.1}{Lato cliente}{subsection.2.3}% 9
\BOOKMARK [3][-]{subsubsection.2.3.2}{Lato admin}{subsection.2.3}% 10
\BOOKMARK [1][-]{section.3}{Presentazione}{}% 11
\BOOKMARK [2][-]{subsection.3.1}{Desktop}{section.3}% 12
\BOOKMARK [3][-]{subsubsection.3.1.1}{Cliente}{subsection.3.1}% 13
\BOOKMARK [3][-]{subsubsection.3.1.2}{Admin}{subsection.3.1}% 14
\BOOKMARK [2][-]{subsection.3.2}{Mobile}{section.3}% 15
\BOOKMARK [3][-]{subsubsection.3.2.1}{Cliente}{subsection.3.2}% 16
\BOOKMARK [3][-]{subsubsection.3.2.2}{Admin}{subsection.3.2}% 17
\BOOKMARK [2][-]{subsection.3.3}{Print}{section.3}% 18
\BOOKMARK [1][-]{section.4}{Test}{}% 19
\BOOKMARK [2][-]{subsection.4.1}{Accessibilit\340}{section.4}% 20
\BOOKMARK [2][-]{subsection.4.2}{Validazione del codice}{section.4}% 21
\BOOKMARK [1][-]{section.5}{Realizzazione}{}% 22
